[    0.0000] nitializing cgrop subsys cpuet[    000000]nitialin cgrop subsys cpu
[   .00000] nitiaizing cgroup subsys cpuacct
[    0.000000] Linux version 4.4.0-21-generic (buldd@lgw-2 (gc version 5.3.1 0160413 (Ubuntu 5..1-14ubuntu2) ) #37-Ubuntu SMP Mon Apr 18 18:33:37 UTC 2016 Ubnt4.4-2.37-generc 4.6
[    00000 Cmmand lne:OO_IAGE=bot/vmluz-4.4.-2geeric rot=ABEL=cloudimg-rootfs ro console=tty1 console=ttyS0
[    0.000000] KERNEL supported cpus:
[    0.000000]   Intel GenuineIntel
[    0.00000]   AMD AuthenticAMD
[    0.00000   Cenau CentarHuls
[    0.000000] x86/fpu: xstate_offset[2]:  576, xstteizes2]:  256
[    0.00000] x6/u:SuppotingXSAV fature 0x0: 87floating poinreiser'
[   0.00000 x86/fpu:uporting SAE atre 0x2:SSE reister'[    0.0000]x8/fu: Spprtig XSVE feaur0x4: 'AVX regiser'
[   0.0000]x8/fu: Enabedstte feaurs x7, cntxt si is832 ytes, usig taard' format.
[    0.00000]x8/fu: Uin'lzy' FPU contet wich.
[   0.000] 820: OSprovidd physical RAM map:
[    0.000000] BIOS-e820: [mem 0x0000000000000000-0x000000000009fbff] usable
[    0.000000] BIOS-e820: [mem 0x000000000009fc00-0x000000000009ffff] reserved
[    0.000000] BIOS-e820: [mem 0x00000000000f0000-0x00000000000fffff] reserved
[    0.000000] BIOS-e820: [mem 0x0000000000100000-0x00000000dffeffff] usable
[    0.000000] BIOS-e820: [mem 0x00000000dfff0000-0x00000000dfffffff] ACPI data
[    0.000000] BIOS-e820: [mem 0x00000000fffc0000-0x00000000ffffffff] reserved
[    0.000000] BIOS-e820: [mem 0x0000000100000000-0x000000011fffffff] usable
[    0.000000] NX (Execute Disable) protectonacive[  0.00000]SMOS 2.5 preen
    0.00000]Hyervsor detected: KV
[   0.00000] e820 last_pfn= 12000 axarchpf = 0x000000
[    0.00000] x86/ATConfiguatin 0-7]: WB  WC  UC- UC  WB  WC  UC- WT  
[    0.00000]TR: Diabled[  0000000]CPU MTRRs ll blnk- viuaized ystem.
[    0.000000] e820: last_pfn = 0xdfff0 max_arch_pfn = 0x400000000
[    0.000000] found SMP MP-table at [mem 0x0009fff0-0x0009ffff] mapped at [ffff88000009fff0]
[    0.000000] Scanning 1 areas for low memory corruption
[    0.000000] RAMDISK: [mem 0x371de000-0x378e6fff]
[    0.000000] ACPI: Early table checksum eriction isabled
[   0.0000ACI: RDP 0x0000000E000 000 (v02 VBOX )    0.00000] CP: DT 0x0000000DFF000 00003C (v0 VBOX   OXSDT 0000001 ASL  00000061)
[    0.000000] ACPI: FACP 0x00000000DFFF00F0 00004 (04 VBOX   VOXACP 0000001AS 000061)[   0000000 AI: SDT 0x0000000DF040 002106 (v01 VBOX   VBXBOS 0000002 INTL 20100528)
[    0.000000] ACPI: FACS 0x00000000DFFF0200 00000
[    0.00000] ACPI FCS 0x000000FF02000040
[    0.00000]ACPI:APIC0x00000000DFFF0240 00005C (v02 VBOX   VBOXAPIC 00000001 ASL  00000061)
[    0.000000] ACPI: SSDT 0x00000000DFFF02A0 0001CC (v01 VBOX   VBOXCPUT 00000002 INTL 20100528)
[    0.000000] No NUMA configuratonoud
[    0.000000 Fkig  nde t mem 0x000000000000000-0x000000011fffffff]
[    0.000000] NODE_DATA(0) allocated [mem 0x11fff7000-0x11fffbfff]
[    0.000000] kvm-clock: Using msrs 4b564d01 and 4b564d00
[    0.000000] kvm-clock: cpu 0, msr 1:1fff3001, primary cpu clock
[    0.000000] kvm-clock: using sched offset of 2900218303 cycles
[    0.000000] clocksource: kvm-clock: mask: 0xffffffffffffffff max_cycles: 0x1cd42e4dffb, max_idle_ns: 881590591483 ns
[    0.000000] Zone ranges:
[    0.000000]  MA    [mem x000000000000100-0x00000000ffff]
[    0.000000]   DMA32    [mem 0x0000000001000000-0x00000000ffffffff]
[    0.000000]   Normal   [mem 0x0000000100000000-0x000000011fffffff]
[  0.000]  Device ept
    .00000] Movabe on strt foreah od
[    0.000] arly memory ode anges
[    0.000000]   node   0: [mem 0x0000000000001000-0x000000000009efff]
[    0.000000]   node   0: [mem 0x0000000000100000-0x00000000dffeffff]
[    0.000000]   node   0: [mem 0x0000000100000000-0x000000011fffffff]
[    0.000000] Initmem setup node 0 [mem 0x0000000000001000-0x000000011fffffff]
[    0.000000] ACPI: PM-Timer IO Port: 0x4008
[    0.00000] OAPIC[]:api_id2, versin 7,address 0xfec0000, GS 0-2
[   0.000000] ACPI: INT_SRC_OVR (bus 0 bs_rq0 lobalirq 2dfdfl)[    0000000 ACPI: INT_C_VR(bus 0bu_ir 9lobal_q  high level)
[    0.000000] Using ACPI (MADT) for SMP configuration iortion
[   0.0000smbot: Allwi 2PUs, 0 otplg PU
[   000000] M: Registered nosave memory: [mem 0x00000000-0x00000fff]
[    0.000000] PM: Registered nosave memory: [mem 0x0009f000-0x0009ffff
   000000] P: Reiserednosave memo: me 0x00a000x00efff]
[    0.00000] M: Registeedosve memory [mem 0x000f000x000fff]
[   0.000] M: Rgistrenoave memoy: [mem xdff0000-0xdffffff
[   .00000] PM: Rgited nose mmoy: [mem 0xe0000000xfffbff]
[   000000 PM:Restered nosave memoy: [mm fffc000-0fffffff][   0.0000] e20: [mem xe0000000-0xfffbffff] available for PCI devices
[    0.000000] Booting paravirtualized kernel on KVM
[    0.000000] clocksource: refined-jiffies: mask: 0xffffffff max_cycles: 0xffffffff, max_idle_ns: 7645519600211568 ns
[    0.000000] setup_percpu: NR_CPUS:256 nr_cpumask_bits:256 nr_cpu_ids:2 nr_node_ids:1
[    0.00000]PEPU: Embedde 33 pages/pu@fff8811fc0000 98008 r8192 d2898 04576
[    0.00000] Pqspinlckas table etris:256 (order: 0, 406 ytes)
[    0.000000] Built1 onelists n od oder mbity grouping . otal paes:102057
[   00000] Poliy one: Nrml
[   000000]Kenel comad li: OO_IAG=/ot/vmlinuz-4.4.0-21-generic root=LABEL=cloudig-roots o cosoe=y1 conse=ty0[    0.000000] ID hash table entries: 4096 (order: 3, 32768 bytes)
[    0.000000 Memory: 4035956K/4193848K availale (83556K kernel de, 1278K rwdata, 3920K rodaa, 1476K init 1292K bss, 157892K reserved, 0K cma-reserved)
[    0.000000] SLUB: HWalign=64, Order=0-3, MinObjects=0, CPUs=2, Nodes=1
[    0.000000] Hierarchical RCU implementation.
[    0.000000 	Build-time adjustment of leaf fanout to 64.
[    0.000000] 	RC restricting CPUs from NR_CPUS=256 to nr_cpu_ids=2.
[    0.000000] RCU: Adjusting geometry for rcu_fanout_leaf=64, nr_cpu_ids=2
[    0.000000] NR_IRQS:16640 nr_irqs:440 1
    0.000000] Console: colour VGA+ 80x25
[    0.0000] consle [tty1] enabled
[    0.000000] console [ttyS0] enabled
[    0.000000] tsc: Detected 2793.532 MHz processor
[    8.477609] Calibrating delay loop (skipped) preset value.. 5587.06 BogoMIPS (lpj=11174128)
[    8.482548]pid_max: default: 32768 minimum: 301
[    8.515822] ACPI: Core revision 20150930
[    8.521551] ACPI: 2 ACPI AML tables successfully acquired and loaded
[    8.525794] Security Framework initialized
[    8.531011] Yama: becoming mindful.
[    8.532628] AppArmor: AppArmor initialized
[    8.540449] Dentry cache hash table entries: 524288 (order: 10, 4194304 bytes)
[    8.560792] Inode-cache hash table entries: 262144 (order: 9, 2097152 bytes)
[    8.572177] Mount-cache hash table entries: 8192 (order: 4, 65536 bytes)
[    8.574775] Mountpoint-cache hash table entries: 8192 (order: 4, 65536 bytes)
[    8.583601] Initializing cgroup subsys io
[    8.591187] Initializing cgroup subsys memory
[    8.619396] Initializing cgroup subsys devices
[    8.648096] Initializing cgroup subsys freezer
[    8.651560] Initializing cgroup subsys net_cls
[    8.660999] Initializing cgroup subsys perf_event
[    8.672589] Initializing cgroup subsys net_prio
[    8.680609] Initializing cgroup subsys hugetlb
[    8.688404] Initializing cgroup subsys pids
[    8.716010] CPU: Physical Processor ID: 0
[    8.728342] CPU: Processor Core ID: 0
[    8.733805] mce: CPU supports 0 MCE banks
[    8.762869] Last level iTLB entries: 4KB 1024, 2MB 1024, 4MB 1024
[    8.787172] Last level dTLB entries: 4KB 1024, 2MB 1024, 4MB 1024, 1GB 4
[    8.809217] Freeing SMP alternatives memory: 28K (ffffffff820b2000 - ffffffff820b9000)
[    8.858482] ftrace: allocating 31878 entries in 125 pages
[    8.928943] smpboot: Max logical packages: 1
[    8.954542] smpboot: APIC(0) Converting physical 0 to logical package 0
[    9.012467] ..TIMER: vector=0x30 apic1=0 pin1=2 apic2=-1 pin2=-1
[    9.179104] smpboot: CPU0: Intel(R) Core(TM) i7-4980HQ CPU @ 2.80GHz (family: 0x6, model: 0x46, stepping: 0x1)
[    9.234640] Performance Events: unsupported p6 CPU model 70 no PMU driver, software events only.
[    9.239743] KVM setup paravirtual spinlock
[    9.277931] x86: Booting SMP configuration:
[    9.285166] .... node  #0, CPUs:      #1
[    9.292931] kvm-clock: cpu 1, msr 1:1fff3041, secondary cpu clock
[    9.327927] mce: CPU supports 0 MCE banks
[    9.371731] x86: Booted up 1 node, 2 CPUs
[    9.392455] smpboot: Total of 2 processors activated (11174.12 BogoMIPS)
[    9.468789] devtmpfs: initialized
[    9.495435] evm: security.selinux
[    9.538024] evm: security.SMACK64
[    9.576366] evm: security.SMACK64EXEC
[    9.615077] evm: security.SMACK64TRANSMUTE
[    9.664553] evm: security.SMACK64MMAP
[    9.686034] evm: security.ima
[    9.693390] evm: security.capability
[    9.728902] clocksource: jiffies: mask: 0xffffffff max_cycles: 0xffffffff, max_idle_ns: 7645041785100000 ns
[    9.777555] pinctrl core: initialized pinctrl subsystem
[    9.825051] RTC time: 10:23:04, date: 05/05/16
[    9.854704] NET: Registered protocol family 16
[    9.888915] cpuidle: using governor ladder
[    9.928532] cpuidle: using governor menu
[    9.944815] PCCT header not found.
[    9.966884] ACPI: bus type PCI registered
[    9.993756] acpiphp: ACPI Hot Plug PCI Controller Driver version: 0.5
[   10.013397] PCI: Using configuration type 1 for base access
[   10.041908] ACPI: Added _OSI(Module Device)
[   10.069900] ACPI: Added _OSI(Processor Device)
[   10.074801] ACPI: Added _OSI(3.0 _SCP Extensions)
[   10.088570] ACPI: Added _OSI(Processor Aggregator Device)
[   10.110283] ACPI: Executed 1 blocks of module-level executable AML code
[   10.159167] ACPI: Interpreter enabled
[   10.161823] ACPI Exception: AE_NOT_FOUND, While evaluating Sleep State [\_S1_] (20150930/hwxface-580)
[   10.174175] ACPI Exception: AE_NOT_FOUND, While evaluating Sleep State [\_S2_] (20150930/hwxface-580)
[   10.183736] ACPI Exception: AE_NOT_FOUND, While evaluating Sleep State [\_S3_] (20150930/hwxface-580)
[   10.215120] ACPI Exception: AE_NOT_FOUND, While evaluating Sleep State [\_S4_] (20150930/hwxface-580)
[   10.237549] ACPI: (supports S0 S5)
[   10.239138] ACPI: Using IOAPIC for interrupt routing
[   10.243883] PCI: Using host bridge windows from ACPI; if necessary, use "pci=nocrs" and report a bug
[   10.261104] ACPI: PCI Root Bridge [PCI0] (domain 0000 [bus 00-ff])
[   10.267428] acpi PNP0A03:00: _OSC: OS supports [ASPM ClockPM Segments MSI]
[   10.273234] acpi PNP0A03:00: _OSC failed (AE_NOT_FOUND); disabling ASPM
[   10.313938] acpi PNP0A03:00: fail to add MMCONFIG information, can't access extended PCI configuration space under this bridge.
[   10.325141] PCI host bridge to bus 0000:00
[   10.329761] pci_bus 0000:00: root bus resource [io  0x0000-0x0cf7 window]
[   10.338528] pci_bus 0000:00: root bus resource [io  0x0d00-0xffff window]
[   10.350043] pci_bus 0000:00: root bus resource [mem 0x000a0000-0x000bffff window]
[   10.394661] pci_bus 0000:00: root bus resource [mem 0xe0000000-0xffdfffff window]
[   10.417246] pci_bus 0000:00: root bus resource [bus 00-ff]
[   10.426379] pci 0000:00:01.1: legacy IDE quirk: reg 0x10: [io  0x01f0-0x01f7]
[   10.475261] pci 0000:00:01.1: legacy IDE quirk: reg 0x14: [io  0x03f6]
[   10.484016] pci 0000:00:01.1: legacy IDE quirk: reg 0x18: [io  0x0170-0x0177]
[   10.491792] pci 0000:00:01.1: legacy IDE quirk: reg 0x1c: [io  0x0376]
[   10.540120] ACPI: PCI Interrupt Link [LNKA] (IRQs 5 9 10 11) *0, disabled.
[   10.564968] ACPI: PCI Interrupt Link [LNKB] (IRQs 5 9 10 *11)
[   10.580457] ACPI: PCI Interrupt Link [LNKC] (IRQs 5 9 *10 11)
[   10.592926] ACPI: PCI Interrupt Link [LNKD] (IRQs 5 *9 10 11)
[   10.607807] ACPI: Enabled 2 GPEs in block 00 to 07
[   10.654343] vgaarb: setting as boot device: PCI:0000:00:02.0
[   10.696105] vgaarb: device added: PCI:0000:00:02.0,decodes=io+mem,owns=io+mem,locks=none
[   10.754525] vgaarb: loaded
[   10.796152] vgaarb: bridge control possible 0000:00:02.0
[   10.846883] SCSI subsystem initialized
[   10.889949] ACPI: bus type USB registered
[   10.918696] usbcore: registered new interface driver usbfs
[   10.932596] usbcore: registered new interface driver hub
[   10.934527] usbcore: registered new device driver usb
[   10.935622] PCI: Using ACPI for IRQ routing
[   10.936532] NetLabel: Initializing
[   10.937128] NetLabel:  domain hash size = 128
[   10.937824] NetLabel:  protocols = UNLABELED CIPSOv4
[   10.983785] NetLabel:  unlabeled traffic allowed by default
[   11.014651] clocksource: Switched to clocksource kvm-clock
[   11.0249] AppArmor: AppArmor Filesystem Enabled
[   11.093130] pnp: PnP ACPI init
[  10941] p: PP APIfond devics

[ 114386 cockouce apipmmak:0xfff axcycles: 0ffff, ax_ilens 28570104 
[   2.546] ET Riser protool fmil 2

[   12.48187] P stablishe hshtableentres 3768 (ordr:6,6214 yt)

[   12.91134] P bid hash table etrs: 327 (rder: 7, 524288 yts)[ 1324600TC: Hshabes configured (stblishe 3276 bnd276)[  137130] UD hsh tleenri: 2048 order4, 65536 bytes)
[   14.086748] UDP-Lteas tbl etris: 204 (der:4,6536byes
[  1.404] NE: egisted otco fmi 1
[ 148673] pc 000:000.0: imin dre PI/PCI trnsers   15.33376] pi 00000001.: Actiatin IA MAanwokaunds
  157334] yig o pack roofsima a innitramf..

[   17.185947] Freeing initrd memory: 7204K (ffff8800371de000 - ffff8800378e7000)
[   17.247463]PCDMA: sig ftareboce buffering for O (SWIOTLB)
[   17.513909] software IO TLB [mem 0xdbff0000-0xdfff0000] (64MB) mapped at [ffff8800dbff0000-ffff8800dffeffff]

[   17.5150]platfor r_cmo: registereplatform RT devie noNPeve ou)
[   17.9831]canning for w mmo cruptionve 6seons
[   18.463614] futex hash table entries: 512 (order: 3, 32768 bytes)
[   18.495284] audit: initializing netlink subsys (disabled)
[   18.507919] audit: type=2000 audit(1462443787.860:1): initialized
[   18.548192] tsc Refined TSC clocksource calibration: 2793.153 MHz

[   1855028 Itialis sst trtekeri

[   18.559195] HugeTLB registered 2 MB page size, pre-allocated 0 pages
[   18.560551] zbud: loaded
[   18.560702] VFS: Disk quotas dquot_6.6.0
[   18.560731] VFS: Dquot-cache hash table entries: 512 (order 0, 4096 bytes)
[   18.561142] fuse init (API version 7.23)
[   18.561234] Key type big_key registered
[   18.561423] Key type asymmetric registered
[   18.561429] Asymmetric key parser 'x509' registered
[   18.561456] Block layer SCSI generic (bsg) driver version 0.4 loaded (major 249)
[   18.561472] io scheduler noop registered
[   18.561474] io scheduler deadline registered (default)
[   18.561493] io scheduler cfq registered
[   18.561589] pci_hotplug: PCI Hot Plug PCI Core version: 0.5
[   18.561593] pciehp: PCI Express Hot Plug Controller Driver version: 0.4
[   18.561939] ACPI: AC Adapter [AC] (on-line)
[   18.561989] input: Power Button as /devices/LNXSYSTM:00/LNXPWRBN:00/input/input0
[   18.561992] ACPI: Power Button [PWRF]
[   18.562079] input: Sleep Button as /devices/LNXSYSTM:00/LNXSLPBN:00/input/input1
[   18.562081] ACPI: Sleep Button [SLPF]
[   18.562238] GHES: HEST is not enabled!
[   18.563188] ACPI: Battery Slot [BAT0] (battery present)
[   18.563226] Serial: 8250/16550 driver, 32 ports, IRQ sharing enabled
[   18.612161] 00:02: ttyS0 at I/O 0x3f8 (irq = 4, base_baud = 115200) is a 16550A
[   18.970933] Linux agpgart interface v0.103
[   19.013805] brd: module loaded
[   19.014362] loop: module loaded
[   19.014818] scsi host0: ata_piix
[   19.014860] scsi host1: ata_piix
[   19.014880] ata1: PATA max UDMA/33 cmd 0x1f0 ctl 0x3f6 bmdma 0xd000 irq 14
[   19.014881] ata2: PATA max UDMA/33 cmd 0x170 ctl 0x376 bmdma 0xd008 irq 15
[   19.014939] libphy: Fixed MDIO Bus: probed
[   19.014941] tun: Universal TUN/TAP device driver, 1.6
[   19.014941] tun: (C) 1999-2004 Max Krasnyansky <maxk@qualcomm.com>
[   19.015180] PPP generic driver version 2.4.2
[   19.015222] ehci_hcd: USB 2.0 'Enhanced' Host Controller (EHCI) Driver
[   19.015226] ehci-pci: EHCI PCI platform driver
[   19.015238] ehci-platform: EHCI generic platform driver
[   19.015244] ohci_hcd: USB 1.1 'Open' Host Controller (OHCI) Driver
[   19.015246] ohci-pci: OHCI PCI platform driver
[   19.015253] ohci-platform: OHCI generic platform driver
[   19.015258] uhci_hcd: USB Universal Host Controller Interface driver
[   19.015302] i8042: PNP: PS/2 Controller [PNP0303:PS2K,PNP0f03:PS2M] at 0x60,0x64 irq 1,12
[   19.063759] serio: i8042 KBD port at 0x60,0x64 irq 1
[   19.063766] serio: i8042 AUX port at 0x60,0x64 irq 12
[   19.063941] mousedev: PS/2 mouse device common for all mice
[   19.064235] rtc_cmos rtc_cmos: rtc core: registered rtc_cmos as rtc0
[   19.064375] rtc_cmos rtc_cmos: alarms up to one day, 114 bytes nvram
[   19.064386] i2c /dev entries driver
[   19.064458] device-mapper: uevent: version 1.0.3
[   19.064589] device-mapper: ioctl: 4.34.0-ioctl (2015-10-28) initialised: dm-devel@redhat.com
[   19.064603] ledtrig-cpu: registered to indicate activity on CPUs
[   19.064903] NET: Registered protocol family 10
[   19.065091] NET: Registered protocol family 17
[   19.065099] Key type dns_resolver registered
[   19.067790] microcode: CPU0 sig=0x40661, pf=0x40, revision=0x0
[   19.067800] microcode: CPU1 sig=0x40661, pf=0x40, revision=0x0
[   19.067836] microcode: Microcode Update Driver: v2.01 <tigran@aivazian.fsnet.co.uk>, Peter Oruba
[   19.067999] registered taskstats version 1
[   19.068014] Loading compiled-in X.509 certificates
[   19.068631] Loaded X.509 cert 'Build time autogenerated kernel key: fc7c0e9f152f32eca50ea2d9722926e5127af244'
[   19.068647] zswap: loaded using pool lzo/zbud
[   19.070161] Key type trusted registered
[   19.072575] Key type encrypted registered
[   19.072581] AppArmor: AppArmor sha1 policy hashing enabled
[   19.072583] ima: No TPM chip found, activating TPM-bypass!
[   19.072598] evm: HMAC attrs: 0x1
[   19.072865]   Magic number: 0:251:375
[   19.078143] rtc_cmos rtc_cmos: setting system clock to 2016-05-05 10:23:13 UTC (1462443793)
[   19.078461] BIOS EDD facility v0.16 2004-Jun-25, 0 devices found
[   19.078461] EDD information not available.
[   19.295314] input: AT Translated Set 2 keyboard as /devices/platform/i8042/serio0/input/input2
[   20.943803] clocksource: tsc: mask: 0xffffffffffffffff max_cycles: 0x2842fcb7f5d, max_idle_ns: 440795292753 ns
[   21.023950] Freeing unused kernel memory: 1476K (ffffffff81f41000 - ffffffff820b2000)
[   21.052982] Write protecting the kernel read-only data: 14336k
[   21.090210] Freeing unused kernel memory: 1872K (ffff88000182c000 - ffff880001a00000)
[   21.130044] Freeing unused kernel memory: 176K (ffff880001dd4000 - ffff880001e00000)
Loading, please wait...
starting version 229
[   21.195648] random: udevadm urandom read with 3 bits of entropy available
[   21.285239] Fusion MPT base driver 3.04.20
[   21.293861] Copyright (c) 1999-2008 LSI Corporation
[   21.340193] e1000: Intel(R) PRO/1000 Network Driver - version 7.3.21-k8-NAPI
[   21.352887] e1000: Copyright (c) 1999-2006 Intel Corporation.
[   21.372699] Fusion MPT SPI Host driver 3.04.20
[   21.388317] AVX version of gcm_enc/dec engaged.
[   21.442389] AES CTR mode by8 optimization enabled
[   21.536761] input: ImExPS/2 Generic Explorer Mouse as /devices/platform/i8042/serio1/input/input4
[   21.814257] e1000 0000:00:03.0 eth0: (PCI:33MHz:32-bit) 02:5e:1d:1b:41:d3
[   21.871259] e1000 0000:00:03.0 eth0: Intel(R) PRO/1000 Network Connection
[   21.906191] e1000 0000:00:03.0 enp0s3: renamed from eth0
[   21.947927] mptbase: ioc0: Initiating bringup
[   22.034900] ioc0: LSI53C1030 A0: Capabilities={Initiator}
[   22.209546] scsi host2: ioc0: LSI53C1030 A0, FwRev=00000000h, Ports=1, MaxQ=256, IRQ=20
[   22.372160] scsi 2:0:0:0: Direct-Access     VBOX     HARDDISK         1.0  PQ: 0 ANSI: 5
[   22.422837] scsi target2:0:0: Beginning Domain Validation
[   22.449533] scsi target2:0:0: Domain Validation skipping write tests
[   22.493602] scsi target2:0:0: Ending Domain Validation
[   22.514085] scsi target2:0:0: asynchronous
[   22.532737] scsi 2:0:1:0: Direct-Access     VBOX     HARDDISK         1.0  PQ: 0 ANSI: 5
[   22.568412] scsi target2:0:1: Beginning Domain Validation
[   22.578115] scsi target2:0:1: Domain Validation skipping write tests
[   22.588612] scsi target2:0:1: Ending Domain Validation
[   22.612107] scsi target2:0:1: asynchronous
[   22.654371] sd 2:0:0:0: Attached scsi generic sg0 type 0
[   22.666754] sd 2:0:0:0: [sda] 20971520 512-byte logical blocks: (10.7 GB/10.0 GiB)
[   22.690428] sd 2:0:1:0: Attached scsi generic sg1 type 0
[   22.713748] sd 2:0:1:0: [sdb] 20480 512-byte logical blocks: (10.5 MB/10.0 MiB)
[   22.751572] sd 2:0:0:0: [sda] Write Protect is off
[   22.762761] sd 2:0:1:0: [sdb] Write Protect is off
[   22.831668] sd 2:0:1:0: [sdb] Incomplete mode parameter data
[   22.831707] sd 2:0:0:0: [sda] Incomplete mode parameter data
[   22.831708] sd 2:0:0:0: [sda] Assuming drive cache: write through
[   22.847763]  sda: sda1
[   22.848688] sd 2:0:0:0: [sda] Attached SCSI disk
[   22.943330] sd 2:0:1:0: [sdb] Assuming drive cache: write through
[   23.003299] sd 2:0:1:0: [sdb] Attached SCSI disk
[   24.466919] floppy0: no floppy controllers found
Begin: Loading e[   25.796719] md: linear personality registered for level -1
ssential drivers[   25.847864] md: multipath personality registered for level -4
 ... [   25.896302] md: raid0 personality registered for level 0
[   25.935726] md: raid1 personality registered for level 1
[   26.039195] raid6: sse2x1   gen()  7697 MB/s
[   26.134748] raid6: sse2x1   xor()  7066 MB/s
[   26.210921] raid6: sse2x2   gen() 10550 MB/s
[   26.294815] raid6: sse2x2   xor()  7356 MB/s
[   26.378758] raid6: sse2x4   gen() 11700 MB/s
[   26.466806] raid6: sse2x4   xor()  8339 MB/s
[   26.472114] raid6: using algorithm sse2x4 gen() 11700 MB/s
[   26.483799] raid6: .... xor() 8339 MB/s, rmw enabled
[   26.486431] raid6: using ssse3x2 recovery algorithm
[   26.502605] xor: automatically using best checksumming function:
[   26.586719]    avx       : 30839.000 MB/sec
[   26.620064] async_tx: api initialized (async)
[   26.639048] md: raid6 personality registered for level 6
[   26.642583] md: raid5 personality registered for level 5
[   26.648351] md: raid4 personality registered for level 4
[   26.674125] md: raid10 personality registered for level 10
done.
Begin: Running /scripts/init-premount ... done.
Begin: Mounting root file system ... Begin: Running /scripts/local-top ... done.
Begin: Running /scripts/local-premount ... [   26.743117] Btrfs loaded
Scanning for Btrfs filesystems
done.
Warning: fsck no[   26.813269] EXT4-fs (sda1): mounted filesystem with ordered data mode. Opts: (null)
t present, so skipping root file system
done.
Begin: Running /scripts/local-bottom ... done.
Begin: Running /scripts/init-bottom ... Warning: overlayroot: debug is busted
done.
[   26.981553] systemd[1]: systemd 229 running in system mode. (+PAM +AUDIT +SELINUX +IMA +APPARMOR +SMACK +SYSVINIT +UTMP +LIBCRYPTSETUP +GCRYPT +GNUTLS +ACL +XZ -LZ4 +SECCOMP +BLKID +ELFUTILS +KMOD -IDN)
[   26.985493 syted[1]: Deecedvitualizatin oracle.

[   27.341] sysem1] Dteedaritecurx864

Welcome to [1mUbuntu 16.04 LTS[0m!

[  2.65128] systed[]:ethostname o ubntu>.
  7.94099] sstmd[1] Iitalizing machine ID fromradogeeror
  8.930] sstd[1] Insald raiet /tcachin-id il
[   2.0035] systmd1] Listning on oual ocket (/dev/og
[[0;32m  OK  [0m] Listening on Journal Socket (/dev/log).
[   29.404626] systemd[1]: Listening on udev Control Socket.
[[0;32m  OK  [0m] Listening on udev Control Socket.
[  2.496] ysmd[1: eaed target Sap
[[0;32m  OK  [0m] Reached target Swap.
[   29.945169] systemd[1]: Started Forward Password Requests to Wall Directory Watch.
[[0;32m  OK  [0m] Started Forward Password Requests to Wall Directory Watch.
[   29.947744] systemd[1]: Listening on udev Kernel Socket.
[[0;32m  OK  [0m] Listening on udev Kernel Socket.
[   2.929] system[1 Litening on LVM2 metadata daemon socket.
[[0;32m  OK  [0m] Listening on LVM2 metadata daemon socket.
[   320284] ysemd[1] Cead liceUsr d Ssson Slice.

[[0;32m  OK  [0m] Created slice User and Session Slice.
[ 30.65560]syem[1 Lstning on Jouna Sket.
[[0;32m  OK  [0m] Listening on Journal Socket.
[   31.1902] systemd[1: Rech tageEncrpt Vum.
[[0;32m  OK  [0m] Reached target Encrypted Volumes.
[  35567 syted[: Lstni o Dice-mapper event daeonIFOs.
[[0;32m  OK  [0m] Listening on Device-mapper event daemon FIFOs.
[   3213139] sytemd]: Litein on JournalAut Soct.
[[0;32m  OK  [0m] Listening on Journal Audit Socket.
[  352297] systemd[: LiteinonVMpolldaon scket
[[0;32m  OK  [0m] Listening on LVM2 poll daemon socket.
[  3.13940]sysem1]Lienin on /dev/initctl Compatibiliy med ipe.
[[0;32m  OK  [0m] Listening on /dev/initctl Compatibility Named Pipe.
[ 335804 systmd1]Se uautmont Arbitrary Executable File Formats Fle ysemAuomout int.
[[0;32m  OK  [0m] Set up automount Arbitrary Executab...ats File System Automount Point.
[   4.2702]ysem1] Reached taretse a Gup Name Lookups.

[[0;32m  OK  [0m] Reached target User and Group Name Lookups.
[   346298] std[: iseng on Syslog Socket.
[[0;32m  OK  [0m] Listening on Syslog Socket.
[   34.937592] systemd[1]: Created slice System Slice.
[[0;32m  OK  [0m] Created slice System Slice.

[   34.952508] systemd[1]: Starting Uncomplicated firewall...
         Starting Uncomplicated firewall...
[   35.016286] systemd[1]: Mounting Debug File System...
         Mounting Debug File System...
[   35.055239] systemd[1]: Created slice system-serial\x2dgetty.slice.
[[0;32m  OK  [0m] Created slice system-serial\x2dgetty.slice.
[   35.154919] systemd[1]: Starting Nameserver information manager...
         Starting Nameserver information manager...
[   35.215379] systemd[1]: Created slice system-getty.slice.
[[0;32m  OK  [0m] Created slice system-getty.slice.
[   35.295140] systemd[1]: Starting Create list of required static device nodes for the current kernel...
[   35.333610] random: nonblocking pool is initialized
         Starting Create list of required st... nodes for the current kernel...
[  35452559]syted[]: eaedaret lies
[[0;32m  OK  [0m] Reached target Slices.
[   35.931080] systemd[1]: Starting Journal Service...
         Starting Journal Service...
[   35.951767] systemd[1]: Mounting POSIX Message Queue File System...
         Mounting POSIX Message Queue File System...
[   35.961980] systemd[1]: Starting Remount Root and Kernel File Systems...
         Starting Remount Root and Kernel[   35.991920] EXT4-fs (sda1): re-mounted. Opts: (null)
 File Systems...
[   35.995386] systemd[1]: Starting Load Kernel Modules...
         Starting Load Ke[   36.011132] Loading iSCSI transport class v2.0-870.
rnel Modules...
[   36.048802] iscsi: registered transport (tcp)
[   36.067240] systemd[1]: Mounting Huge Pages File System...
         Mounting Huge Pages File System...
[   36.112056] systemd[1]: Starting Monitoring of LVM2 mirrors, snapshots etc. using dmeventd or progress polling...
         Starting Monitoring of LVM2 mirrors... dmeventd or progress polling...
[   36.149120] iscsi: registered transport (iser)
[   36.180545] systemd[1]: Mounted Debug File System.
[[0;32m  OK  [0m] Mounted Debug File System.
[   36.209933] systemd[1]: Mounted POSIX Message Queue File System.
[[0;32m  OK  [0m] Mounted POSIX Message Queue File System.
[   36.228425] systemd[]: Mounted Huge Pages File System.
[[0;32m  OK  [0m] Mounted Huge Pages File System.
[   36.295397] systemd[1]: Started Journal Service.
[[0;32m  OK  [0m] Started Journal Service.
[[0;32m  OK  [0m] Started Uncomplicated firewall.
[[0;32m  OK  [0m] Started Create list of required sta...ce nodes for the current kernel.
[[0;32m  OK  [0m] Started Remount Root and Kernel File Systems.
[[0;32m  OK  [0m] Started Load Kernel Modules.
[[0;32m  OK  [0m] Started Nameserver information manager.
[[0;32m  OK  [0m] Started LVM2 metadata daemon.
         Mounting FUSE Control File System...
         Starting Apply Kernel Variables...
         Starting udev Coldplug all Devices...
         Starting Load/Save Random Seed...
         Starting Create Static Device Nodes in /dev...
         Starting Flush Journal to Persistent Storage...
[[0;32m  OK  [0m] Mounted FUSE Control File System.
[[0;32m  OK  [0m] Started Apply Kernel Variables.
[[0;32m  OK  [0m] Started Load/Save Random Seed.
[[0;32m  OK  [0m] Started Create Static Device Nodes in /dev.
[[0;32m  OK  [0m] Started udev Coldplug all Devices.
[[0;32m  OK  [0m] Started Flush Journal to Persistent Storage.
         Starting udev Kernel Device Manager...
[[0;32m  OK  [0m] Started udev Kernel Device Manager.
[[0;32m  OK  [0m] Started Monitoring of LVM2 mirrors,...ng dmeventd or progress polling.
[[0;32m  OK  [0m] Reached target Local File Systems (Pre).
[[0;32m  OK  [0m] Reached target Local File Systems.
         Starting Commit a transient machine-id on disk...
         Starting Tell Plymouth To Write Out Runtime Data...
         Starting Create Volatile Files and Directories...
         Starting Set console keymap...
         Starting Initial cloud-init job (pre-networking)...
         Starting LSB: AppArmor initialization...
[[0;32m  OK  [0m] Started Dispatch Password Requests to Console Directory Watch.
[[0;32m  OK  [0m] Started Commit a transient machine-id on disk.
[[0;32m  OK  [0m] Started Tell Plymouth To Write Out Runtime Data.
[[0;32m  OK  [0m] Started Create Volatile Files and Directories.
[[0;32m  OK  [0m] Started Set console keymap.
[[0;32m  OK  [0m] Found device /dev/ttyS0.
[[0;32m  OK  [0m] Listening on Load/Save RF Kill Switch Status /dev/rfkill Watch.
         Starting Update UTMP about System Boot/Shutdown...
         Starting Network Time Synchronization...
[[0;32m  OK  [0m] Started Network Time Synchronization.
[[0;32m  OK  [0m] Reached target System Time Synchronized.
[[0;32m  OK  [0m] Started Update UTMP about System Boot/Shutdown.
[[0;32m  OK  [0m] Started LSB: AppArmor initialization.
[[0;32m  OK  [0m] Reached target System Initialization.
[[0;32m  OK  [0m] Listening on ACPID Listen Socket.
         Starting Socket activation for snappy daemon.
         Starting LXD - unix socket.
[[0;32m  OK  [0m] Started Daily Cleanup of Temporary Directories.
[[0;32m  OK  [0m] Started ACPI Events Check.
[[0;32m  OK  [0m] Started Daily apt activities.
[[0;32m  OK  [0m] Reached target Timers.
         Starting Seed the pseudo random number generator on first boot...
[[0;32m  OK  [0m] Listening on UUID daemon activation socket.
[[0;32m  OK  [0m] Listening on D-Bus System Message Bus Socket.
[[0;32m  OK  [0m] Started Trigger resolvconf update for networkd DNS.
[[0;32m  OK  [0m] Reached target Paths.
[[0;32m  OK  [0m] Listening on Socket activation for snappy daemon.
[[0;32m  OK  [0m] Listening on LXD - unix socket.
[[0;32m  OK  [0m] Reached target Sockets.
[[0;32m  OK  [0m] Reached target Basic System.
         Starting Login Service...
         Starting LXD - container startup/shutdown...
         Starting Accounts Service...
         Starting LSB: MD monitoring daemon...
         Starting LSB: Record successful boot for GRUB...
[[0;32m  OK  [0m] Started D-Bus System Message Bus.
[[0;32m  OK  [0m] Started ACPI event daemon.
         Starting System Logging Service...
[[0;32m  OK  [0m] Started Regular background program processing daemon.
[[0;32m  OK  [0m] Started FUSE filesystem for LXC.
[[0;32m  OK  [0m] Started Deferred execution scheduler.
[[0;32m  OK  [0m] Started System Logging Service.
[[0;32m  OK  [0m] Started LXD - container startup/shutdown.
[[0;32m  OK  [0m] Started LSB: MD monitoring daemon.
[[0;32m  OK  [0m] Started LSB: Record successful boot for GRUB.
[[0;32m  OK  [0m] Started Login Service.
         Starting Authenticate and Authorize Users to Run Privileged Tasks...
[[0;32m  OK  [0m] Started Authenticate and Authorize Users to Run Privileged Tasks.
[[0;32m  OK  [0m] Started Accounts Service.
[[0;32m  OK  [0m] Started Seed the pseudo random number generator on first boot.
[   58.817797] cloud-init[538]: Cloud-init v. 0.7.7 running 'init-local' at Thu, 05 May 2016 10:24:03 +0000. Up 58.49 seconds.
[[0;32m  OK  [0m] Started Initial cloud-init job (pre-networking).
[[0;32m  OK  [0m] Reached target Network (Pre).
         Starting Raise network interfaces...
[[0;32m  OK  [0m] Started ifup for enp0s3.
[[0;32m  OK  [0m] Found device 82540EM Gigabit Ethern...r (PRO/1000 MT Desktop Adapter).
[[0;32m  OK  [0m] Started Raise network interfaces.
         Starting Initial cloud-init job (metadata service crawler)...
[[0;32m  OK  [0m] Reached target Network.
[   60.284346] cloud-init[1016]: Cloud-init v. 0.7.7 running 'init' at Thu, 05 May 2016 10:24:04 +0000. Up 59.68 seconds.
[[0;32m  OK  [0m] Started Initial cloud-init job (metadata service crawler).
[   60.344769] cloud-init[1016]: ci-info: +++++++++++++++++++++++++++++++++++++Net device info++++++++++++++++++++++++++++++++++++++
[   60.443260] [cloud-init[0;32m  OK  [0m[1016]: ] ci-info: +--------+------+----------------------------+---------------+-------+-------------------+Reached target Cloud-config availability.

[   60.443616] cloud-init[1016]: ci-info: | Device |  Up  |          Address           |      Mask     | Scope |     Hw-Address    |
[   60.556764]          cloud-initStarting OpenBSD Secure Shell server...[1016]: 
ci-info: +--------+------+----------------------------+---------------+-------+-------------------+
[   60.599745] [[0;32m  OK  [0m] Reached target Network is Online.
cloud-init[1016]: ci-info: | enp0s3 | True |         10.0.2.15          | 255.255.255.0 |   .   | 02:5e:1d:1b:41:d3 |
[   60.680481]          cloud-initStarting Apply the settings specified in cloud-config...[1016]: 
ci-info: | enp0s3 | True | fe80::5e:1dff:fe1b:41d3/64 |       .       |  link | 02:5e:1d:1b:41:d3 |
         Starting /etc/rc.local Compatibility...
[   60.774773] cloud-init[1016]: ci-info: |   lo   | True |         127.0.0.1          |   255.0.0.0   |   .   |         .         |
[   60.800541] cloud-init[1016]: ci-info: |   lo   | True |          ::1/128           |       .       |  host |         .         |
[   60.802155] cloud-init[1016]: ci-info: +--------+------+----------------------------+---------------+-------+-------------------+
[   60.803706] cloud-init[1016]: ci-info: +++++++++++++++++++++++++++Route IPv4 info++++++++++++++++++++++++++++
[   60.850198] cloud-init[1016]: ci-info: +-------+-------------+----------+---------------+-----------+-------+
         Starting iSCSI initiator daemon (iscsid)...
[[0;32m  OK  [0m] Started OpenBSD Secure Shell server.
[   60.887229] cloud-init[1016]: ci-info: | Route | Destination | Gateway  |    Genmask    | Interface | Flags |
[[0;32m  OK  [0m] Started /etc/rc.local Compatibility.
[   60.986514] cloud-init[1016]: ci-info: +-------+-------------+----------+---------------+-----------+-------+
[   61.118983] [cloud-init[0;32m  OK  [0m[1016]: ] ci-info: |   0   |   0.0.0.0   | 10.0.2.2 |    0.0.0.0    |   enp0s3  |   UG  |Started iSCSI initiator daemon (iscsid).

[   61.119629] cloud-init[1016]: ci-info: |   1   |   10.0.2.0  | 0.0.0.0  | 255.255.255.0 |   enp0s3  |   U   |
[   61.288565]          cloud-initStarting Login to default iSCSI targets...[1016]: 
ci-info: +-------+-------------+----------+---------------+-----------+-------+
[[0;32m  OK  [0m] Started Login to default iSCSI targets.
[   61.332922] cloud-init[1016]: Generating public/private rsa key pair.
[   61.436535] [[0;32m  OK  [0m] Reached target Remote File Systems (Pre).
cloud-init[1016]: Your identification has been saved in /etc/ssh/ssh_host_rsa_key.
[   61.596794] [cloud-init[0;32m  OK  [0m[1016]: ] Your public key has been saved in /etc/ssh/ssh_host_rsa_key.pub.Reached target Remote File Systems.

[   61.597252] cloud-init[1016]: The key fingerprint is:
[   61.732463]          cloud-initStarting Permit User Sessions...[1016]: 
SHA256:AXq45OIOtUlNjCqry6FY4sX+PAnaGIptJzlnXntkAYA root@ubuntu-xenial
[   61.820537] cloud-init[1016]: The key's randomart image is:
         Starting LSB: Set the CPU Frequency Scaling governor to "ondemand"...
[   61.820855] cloud-init[1016]: +---[RSA 2048]----+
[   61.888424]          cloud-initStarting LSB: automatic crash report generation...[1016]: 
|   ....          |
[   61.932197]          cloud-initStarting LSB: daemon to balance interrupts for SMP systems...[1016]: 
|  Eo o..         |
[   62.014519] [cloud-init[0;32m  OK  [0m[1016]: ] |  . * ...        |Started Permit User Sessions.

[   62.015057] cloud-init[1016]: | . = o  ..       |
[[0;32m  OK  [0m] Started LSB: Set the CPU Frequency Scaling governor to "ondemand".
[   62.072449] cloud-init[1016]: |o + +   S.       |
         Starting Terminate Plymouth Boot Screen...
[   62.119955] cloud-init[1016]: |.*.=    o        |
[   62.123203]          Starting Hold until boot process finishes up...
cloud-init[1016]: |*oX+. oo         |[[0;32m  OK  [0m] Started LSB: automatic crash report generation.
[[0;32m  OK  [0m] Started LSB: daemon to balance interrupts for SMP systems.
[[0;32m  OK  [0m] Started Hold until boot process finishes up.

[   62.126532] cloud-init[1016]: |OBX.=+ ..        |
[[0;32m  OK  [0m] Started Terminate Plymouth Boot Screen.
[   62.173300] cloud-init[1016]: |==.Oooo.         |
[   62.198102] cloud-init[1016]: +----[SHA256]-----+
[   62.220636] cloud-init[1016]: Generating public/private dsa key pair.
         Stopping OpenBSD Secure Shell server...
[   62.221213] cloud-init[1016]: Your identification has been saved in /etc/ssh/ssh_host_dsa_key.
[[0;32m  OK  [0m] Started Getty on tty1.
[   62.313276] cloud-init[1016]: Your public key has been saved in /etc/ssh/ssh_host_dsa_key.pub.
[[0;32m  OK  [0m] Started Serial Getty on ttyS0.
[[0;32m  OK  [0m] Reached target Login Prompts.
[   62.400860] cloud-init[1016]: The key fingerprint is:
[   62.516710] [cloud-init[0;32m  OK  [0m[1016]: ] SHA256:YjEmGfIqUHdmRbUz+ZF+mhVT9NTi0zutmAFN8M0RlyE root@ubuntu-xenialStopped OpenBSD Secure Shell server.

[   62.517143] cloud-init[1016]: The key's randomart image is:
[   62.576661] cloud-init[1016]: +---[DSA 1024]----+
         Starting OpenBSD Secure Shell server...
[[   62.613738] cloud-init[1016]: |  o o +oo.o. Eo+O|
[   62.637161] cloud-init[1016]: | . + *     +.+o*o|
[0;32m  OK  [0m] Started OpenBSD Secure Shell server.
[   62.637300] cloud-init[1016]: |.   + +   =o+.=o.|
[   62.648802] cloud-init[1016]: |.  . o o  .=..oo.|
[   62.700260] cloud-init[1016]: |. .   o S  .o o.o|
[   62.748305] cloud-init[1016]: | .   . .    .= o.|
[   62.748550] cloud-init[1016]: |            o+ ..|
[[0;32m  OK  [0m] Created slice User Slice of ubuntu.
[   62.748678] cloud-init[1016]: |            o .  |
[   62.913255] cloud-init[1016]: |                 |
[   62.913847] cloud-init[1016]: +----[SHA256]-----+
[[0;32m  OK  [0m] Started Apply the settings specified in cloud-config.
[   62.914017] cloud-init[1016]: Generating public/private ecdsa key pair.
[   63.144982] cloud-init[1016]: Your identification has been saved in /etc/ssh/ssh_host_ecdsa_key.
[   63.145306] cloud-init[1016]: Your public key has been saved in /etc/ssh/ssh_host_ecdsa_key.pub.
         Starting User Manager for UID 1000...
[   63.145498] cloud-init[1016]: The key fingerprint is:
[   63.332333] cloud-init[1016]: SHA256:kmBHugUzsm5rLmG2nWo163BFO7bjK1knHnDFNNnhnQQ root@ubuntu-xenial
[   63.332550] cloud-init[1016]: The key's randomart image is:
         Starting Execute cloud user/final scripts...
[   63.332661] cloud-init[1016]: +---[ECDSA 256]---+
[   63.661118] cloud-init[1016]: |  . + +ooEo.     |
[   63.696782] cloud-init[1016]: |   o * +o.o .    |
[   63.741707] cloud-init[1016]: |  . +.+  . o     |
[   63.784709] cloud-init[1016]: | . o.*..         |
[   63.825139] cloud-init[1016]: |  o +=o S        |
[   63.869362] cloud-init[1016]: |.+ +o+oo         |
[   63.901310] cloud-init[1016]: |oo*.Bo+          |
[   63.944668] cloud-init[1016]: |.=o*...          |
[[0;32m  OK  [0mci-info: no authorized ssh keys fingerprints found for user ubuntu.
] Started User Manager for UID 1000.
[   63.989728] cloud-init[1016]: |.o+..o.          |
[[0;32m  OK  [0m] Started Session 1 of user ubuntu.
[   64.065748] cloud-init[1016]: +----[SHA256]-----+
[   64.131462] cloud-init[1016]: Generating public/private ed25519 key pair.
<14>May  5 10:24:08 ec2: 
<14>May  5 10:24:08 ec2: #############################################################
<14>May  5 10:24:08 ec2: -----BEGIN SSH HOST KEY FINGERPRINTS-----
<14>May  5 10:24:08 ec2: 1024 SHA256:YjEmGfIqUHdmRbUz+ZF+mhVT9NTi0zutmAFN8M0RlyE root@ubuntu-xenial (DSA)
<14>May  5 10:24:08 ec2: 256 SHA256:kmBHugUzsm5rLmG2nWo163BFO7bjK1knHnDFNNnhnQQ root@ubuntu-xenial (ECDSA)
<14>May  5 10:24:08 ec2: 256 SHA256:lh8cPqDQADPTr/Mlf2r68/urrwSNXJ6jafvRlD/mGtI root@ubuntu-xenial (ED25519)
<14>May  5 10:24:08 ec2: 2048 SHA256:AXq45OIOtUlNjCqry6FY4sX+PAnaGIptJzlnXntkAYA root@ubuntu-xenial (RSA)
<14>May  5 10:24:08 ec2: -----END SSH HOST KEY FINGERPRINTS-----
<14>May  5 10:24:08 ec2: #############################################################
-----BEGIN SSH HOST KEY KEYS-----
ecdsa-sha2-nistp256 AAAAE2VjZHNhLXNoYTItbmlzdHAyNTYAAAAIbmlzdHAyNTYAAABBBDMOgAvoUyffs3Mi9QzIWjvsD5kPRf7ICtOb1AfRv64/RSq8D705R+nuT5BE5DlArinmCgBUgK9j3TbDZN72KVU= root@ubuntu-xenial
ssh-ed25519 AAAAC3NzaC1lZDI1NTE5AAAAIAeBNaZk/KjPfDe0bpA4TfUU6BiWVUazIw2UWnrw9PNR root@ubuntu-xenial
ssh-rsa AAAAB3NzaC1yc2EAAAADAQABAAABAQC2WmHu0Aa246fFJR6AN1GW8dQWshI57ZQRsLd6AGtD2HY5fawJVRqDPRAVJPLXUyv+IkRlMUEYPXzvd9ObaMHN/f4p9bUWLhhAsY/eNjVAbDHk5wAVHVPK8rXzgJlU9EaSamfdE6/Sbu6bwl7p3wye7oSYN5eObNEYtybN/SJ2jqfzA6RSwpNHZ8id5F/UkHZzRx3YTXxhxTyIvhAmx7/eh5Hga2ySTZbLrXZeqmG0wVQKLEdk0iU9aTHU8H1EURXFL7bUIKqUm8ysuGT8lR5ZYrW+Af0h9qARBfMZkwCzuMbzgLLqevYa/W3Yt4yBnm/Xel6asY8S1kXVczdhHD0r root@ubuntu-xenial
-----END SSH HOST KEY KEYS-----
[   64.132497] cloud-init[1016]: Your identification has been saved in /etc/ssh/ssh_host_ed25519_key.
[   64.924611] cloud-init[1016]: Your public key has been saved in /etc/ssh/ssh_host_ed25519_key.pub.
[   64.976276] cloud-init[1016]: The key fingerprint is:
[   64.976491] cloud-init[1016]: SHA256:lh8cPqDQADPTr/Mlf2r68/urrwSNXJ6jafvRlD/mGtI root@ubuntu-xenial
[[0;32m  OK  [0m] Started Execute cloud user/final scripts.
[   64.976621] cloud-init[1016]: The key's randomart image is:
[   65.128366] cloud-init[1016]: +--[ED25519 256]--+
[   65.137056] cloud-init[1016]: |  =o.            |
[   65.137904] cloud-init[1016]: |   +.o           |
[   65.138723] cloud-init[1016]: |    ... . o      |
[   65.139521] cloud-init[1016]: |     ..o X o .   |
[   65.140360] cloud-init[1016]: |     .. S X o    |
[   65.141155] cloud-init[1016]: |    o ...= B .   |
[   65.180392] cloud-init[1016]: |     o ++ = E +  |
[   65.180592] cloud-init[1016]: |      ..+o.o + . |
[[0;32m  OK  [0m] Started Session 2 of user ubuntu.
[   65.181006] cloud-init[1016]: |      .++***=o.  |
[   65.408496] cloud-init[1016]: +----[SHA256]-----+
[[0;32m  OK  [0m] Reached target Cloud-init target.
[[0;32m  OK  [0m[   65.409265] cloud-init[1106]: Generating locales (this might take a while)...
] Reached target Multi-User System.
[[   65.473906] cloud-init[1106]:   en_US.UTF-8... done
[   65.525165] cloud-init[1106]: Generation complete.
[0;32m  OK  [0m] Reached target Graphical Interface.
[   65.525268] cloud-init[1106]: Cloud-init v. 0.7.7 running 'modules:config' at Thu, 05 May 2016 10:24:05 +0000. Up 60.88 seconds.
         Starting Update UTMP about System Runlevel Changes...
[   65.748690] cloud-init[1249]: Cloud-init v. 0.7.7 running 'modules:final' at Thu, 05 May 2016 10:24:08 +0000. Up 63.52 seconds.
[   65.868460] cloud-init[1249]: ci-info: no authorized ssh keys fingerprints found for user ubuntu.
[   65.868738] cloud-init[1249]: Cloud-init v. 0.7.7 finished at Thu, 05 May 2016 10:24:09 +0000. Datasource DataSourceNoCloudNet [seed=/dev/sdb][dsmode=net].  Up 64.88 seconds
[[0;32m  OK  [0m] Started Update UTMP about System Runlevel Changes.

Ubuntu 16.04 LTS ubuntu-xenial ttyS0

ubuntu-xenial login: 